2022-09-23 00:12:52,576 +0530 [main] DEBUG (InternalLoggerFactory.java:89) - Using Log4J as the default logging framework
2022-09-23 00:12:52,586 +0530 [main] DEBUG (ResourceLeakDetector.java:129) - -Dio.netty.leakDetection.level: simple
2022-09-23 00:12:52,587 +0530 [main] DEBUG (ResourceLeakDetector.java:130) - -Dio.netty.leakDetection.targetRecords: 4
2022-09-23 00:12:52,602 +0530 [main] DEBUG (ResourceLeakDetectorFactory.java:196) - Loaded default ResourceLeakDetector: io.netty.util.ResourceLeakDetector@604f2bd2
2022-09-23 00:12:52,633 +0530 [main] DEBUG (PlatformDependent0.java:495) - -Dio.netty.noUnsafe: false
2022-09-23 00:12:52,634 +0530 [main] DEBUG (PlatformDependent0.java:998) - Java version: 17
2022-09-23 00:12:52,638 +0530 [main] DEBUG (PlatformDependent0.java:136) - sun.misc.Unsafe.theUnsafe: available
2022-09-23 00:12:52,641 +0530 [main] DEBUG (PlatformDependent0.java:160) - sun.misc.Unsafe.copyMemory: available
2022-09-23 00:12:52,643 +0530 [main] DEBUG (PlatformDependent0.java:192) - sun.misc.Unsafe.storeFence: available
2022-09-23 00:12:52,645 +0530 [main] DEBUG (PlatformDependent0.java:235) - java.nio.Buffer.address: available
2022-09-23 00:12:52,647 +0530 [main] DEBUG (PlatformDependent0.java:319) - direct buffer constructor: unavailable: Reflective setAccessible(true) disabled
2022-09-23 00:12:52,649 +0530 [main] DEBUG (PlatformDependent0.java:384) - java.nio.Bits.unaligned: available, true
2022-09-23 00:12:52,652 +0530 [main] DEBUG (PlatformDependent0.java:451) - jdk.internal.misc.Unsafe.allocateUninitializedArray(int): unavailable: class io.netty.util.internal.PlatformDependent0$7 cannot access class jdk.internal.misc.Unsafe (in module java.base) because module java.base does not export jdk.internal.misc to unnamed module @402a079c
2022-09-23 00:12:52,655 +0530 [main] DEBUG (PlatformDependent0.java:481) - java.nio.DirectByteBuffer.<init>(long, int): unavailable
2022-09-23 00:12:52,660 +0530 [main] DEBUG (PlatformDependent.java:1120) - sun.misc.Unsafe: available
2022-09-23 00:12:52,715 +0530 [main] DEBUG (PlatformDependent.java:1231) - maxDirectMemory: 2120220672 bytes (maybe)
2022-09-23 00:12:52,722 +0530 [main] DEBUG (PlatformDependent.java:1250) - -Dio.netty.tmpdir: C:\Users\HP\AppData\Local\Temp (java.io.tmpdir)
2022-09-23 00:12:52,723 +0530 [main] DEBUG (PlatformDependent.java:1329) - -Dio.netty.bitMode: 64 (sun.arch.data.model)
2022-09-23 00:12:52,726 +0530 [main] DEBUG (PlatformDependent.java:1080) - Platform: Windows
2022-09-23 00:12:52,728 +0530 [main] DEBUG (PlatformDependent.java:178) - -Dio.netty.maxDirectMemory: -1 bytes
2022-09-23 00:12:52,729 +0530 [main] DEBUG (PlatformDependent.java:185) - -Dio.netty.uninitializedArrayAllocationThreshold: -1
2022-09-23 00:12:52,731 +0530 [main] DEBUG (CleanerJava9.java:71) - java.nio.ByteBuffer.cleaner(): available
2022-09-23 00:12:52,732 +0530 [main] DEBUG (PlatformDependent.java:205) - -Dio.netty.noPreferDirect: false
2022-09-23 00:12:52,754 +0530 [main] DEBUG (PlatformDependent.java:971) - org.jctools-core.MpscChunkedArrayQueue: available
2022-09-23 00:12:52,861 +0530 [main] DEBUG (InternalThreadLocalMap.java:86) - -Dio.netty.threadLocalMap.stringBuilder.initialSize: 1024
2022-09-23 00:12:52,861 +0530 [main] DEBUG (InternalThreadLocalMap.java:89) - -Dio.netty.threadLocalMap.stringBuilder.maxSize: 4096
2022-09-23 00:12:53,202 +0530 [main] DEBUG (JdkSslContext.java:83) - Default protocols (JDK): [TLSv1.3, TLSv1.2] 
2022-09-23 00:12:53,203 +0530 [main] DEBUG (JdkSslContext.java:84) - Default cipher suites (JDK): [TLS_ECDHE_ECDSA_WITH_AES_256_GCM_SHA384, TLS_ECDHE_ECDSA_WITH_AES_128_GCM_SHA256, TLS_ECDHE_RSA_WITH_AES_128_GCM_SHA256, TLS_ECDHE_RSA_WITH_AES_256_GCM_SHA384, TLS_ECDHE_RSA_WITH_AES_128_CBC_SHA, TLS_ECDHE_RSA_WITH_AES_256_CBC_SHA, TLS_RSA_WITH_AES_128_GCM_SHA256, TLS_RSA_WITH_AES_128_CBC_SHA, TLS_RSA_WITH_AES_256_CBC_SHA, TLS_AES_128_GCM_SHA256, TLS_AES_256_GCM_SHA384]
2022-09-23 00:12:53,280 +0530 [main] DEBUG (MultithreadEventLoopGroup.java:44) - -Dio.netty.eventLoopThreads: 8
2022-09-23 00:12:53,322 +0530 [main] DEBUG (NioEventLoop.java:109) - -Dio.netty.noKeySetOptimization: false
2022-09-23 00:12:53,322 +0530 [main] DEBUG (NioEventLoop.java:110) - -Dio.netty.selectorAutoRebuildThreshold: 512
2022-09-23 00:12:53,454 +0530 [main] DEBUG (PooledByteBufAllocator.java:157) - -Dio.netty.allocator.numHeapArenas: 8
2022-09-23 00:12:53,454 +0530 [main] DEBUG (PooledByteBufAllocator.java:158) - -Dio.netty.allocator.numDirectArenas: 8
2022-09-23 00:12:53,455 +0530 [main] DEBUG (PooledByteBufAllocator.java:160) - -Dio.netty.allocator.pageSize: 8192
2022-09-23 00:12:53,455 +0530 [main] DEBUG (PooledByteBufAllocator.java:165) - -Dio.netty.allocator.maxOrder: 9
2022-09-23 00:12:53,455 +0530 [main] DEBUG (PooledByteBufAllocator.java:169) - -Dio.netty.allocator.chunkSize: 4194304
2022-09-23 00:12:53,456 +0530 [main] DEBUG (PooledByteBufAllocator.java:170) - -Dio.netty.allocator.smallCacheSize: 256
2022-09-23 00:12:53,456 +0530 [main] DEBUG (PooledByteBufAllocator.java:171) - -Dio.netty.allocator.normalCacheSize: 64
2022-09-23 00:12:53,457 +0530 [main] DEBUG (PooledByteBufAllocator.java:172) - -Dio.netty.allocator.maxCachedBufferCapacity: 32768
2022-09-23 00:12:53,458 +0530 [main] DEBUG (PooledByteBufAllocator.java:173) - -Dio.netty.allocator.cacheTrimInterval: 8192
2022-09-23 00:12:53,458 +0530 [main] DEBUG (PooledByteBufAllocator.java:174) - -Dio.netty.allocator.cacheTrimIntervalMillis: 0
2022-09-23 00:12:53,458 +0530 [main] DEBUG (PooledByteBufAllocator.java:175) - -Dio.netty.allocator.useCacheForAllThreads: false
2022-09-23 00:12:53,459 +0530 [main] DEBUG (PooledByteBufAllocator.java:176) - -Dio.netty.allocator.maxCachedByteBuffersPerChunk: 1023
2022-09-23 00:12:53,479 +0530 [main] DEBUG (ByteBufUtil.java:87) - -Dio.netty.allocator.type: pooled
2022-09-23 00:12:53,479 +0530 [main] DEBUG (ByteBufUtil.java:96) - -Dio.netty.threadLocalDirectBufferSize: 0
2022-09-23 00:12:53,480 +0530 [main] DEBUG (ByteBufUtil.java:99) - -Dio.netty.maxThreadLocalCharBufferSize: 16384
2022-09-23 00:12:56,584 +0530 [Forwarding newSession on session null to remote] DEBUG (DefaultChannelId.java:79) - -Dio.netty.processId: 8060 (auto-detected)
2022-09-23 00:12:56,594 +0530 [Forwarding newSession on session null to remote] DEBUG (NetUtil.java:136) - -Djava.net.preferIPv4Stack: false
2022-09-23 00:12:56,595 +0530 [Forwarding newSession on session null to remote] DEBUG (NetUtil.java:137) - -Djava.net.preferIPv6Addresses: false
2022-09-23 00:12:56,609 +0530 [Forwarding newSession on session null to remote] DEBUG (NetUtilInitializations.java:129) - Loopback interface: lo (Software Loopback Interface 1, 127.0.0.1)
2022-09-23 00:12:56,611 +0530 [Forwarding newSession on session null to remote] DEBUG (NetUtil.java:191) - Failed to get SOMAXCONN from sysctl and file \proc\sys\net\core\somaxconn. Default: 200
2022-09-23 00:12:56,649 +0530 [Forwarding newSession on session null to remote] DEBUG (DefaultChannelId.java:101) - -Dio.netty.machineId: 3c:a0:67:ff:fe:84:85:27 (auto-detected)
2022-09-23 00:12:56,802 +0530 [AsyncHttpClient-1-2] DEBUG (AbstractByteBuf.java:63) - -Dio.netty.buffer.checkAccessible: true
2022-09-23 00:12:56,803 +0530 [AsyncHttpClient-1-2] DEBUG (AbstractByteBuf.java:64) - -Dio.netty.buffer.checkBounds: true
2022-09-23 00:12:56,803 +0530 [AsyncHttpClient-1-2] DEBUG (ResourceLeakDetectorFactory.java:196) - Loaded default ResourceLeakDetector: io.netty.util.ResourceLeakDetector@2a2f3ecf
2022-09-23 00:12:56,876 +0530 [AsyncHttpClient-1-2] DEBUG (Recycler.java:85) - -Dio.netty.recycler.maxCapacityPerThread: 4096
2022-09-23 00:12:56,876 +0530 [AsyncHttpClient-1-2] DEBUG (Recycler.java:86) - -Dio.netty.recycler.ratio: 8
2022-09-23 00:12:56,877 +0530 [AsyncHttpClient-1-2] DEBUG (Recycler.java:87) - -Dio.netty.recycler.chunkSize: 32
2022-09-23 00:12:56,881 +0530 [AsyncHttpClient-1-2] DEBUG (Recycler.java:88) - -Dio.netty.recycler.blocking: false
2022-09-23 00:13:03,122 +0530 [AsyncHttpClient-1-2] DEBUG (Brotli.java:38) - brotli4j not in the classpath; Brotli support will be unavailable.
2022-09-23 00:13:04,483 +0530 [main] DEBUG (ThreadLocalRandom.java:214) - -Dio.netty.initialSeedUniquifier: 0xc16a61620068319e
